<?xml version="1.0" encoding="UTF-8"?>
<testng-results total="1" passed="1" failed="0" skipped="0">
  <reporter-output>
  </reporter-output>
  <suite started-at="2020-06-22T18:12:10Z" name="Surefire suite" finished-at="2020-06-22T18:12:10Z" duration-ms="67">
    <groups>
    </groups>
    <test started-at="2020-06-22T18:12:10Z" name="Surefire test" finished-at="2020-06-22T18:12:10Z" duration-ms="67">
      <class name="org.example.AppTest">
        <test-method signature="shouldAnswerWithTrue()[pri:0, instance:shouldAnswerWithTrue(org.example.AppTest)]" started-at="2020-06-22T21:12:10Z" name="shouldAnswerWithTrue" finished-at="2020-06-22T21:12:10Z" duration-ms="3" status="PASS">
          <reporter-output>
          </reporter-output>
        </test-method> <!-- shouldAnswerWithTrue -->
      </class> <!-- org.example.AppTest -->
    </test> <!-- Surefire test -->
  </suite> <!-- Surefire suite -->
</testng-results>
